[[1;34mINFO[m] Scanning for projects...
[[1;34mINFO[m] 
[[1;34mINFO[m] [1m----------------< [0;36mcom.ale.rainbow.s2s:s2s-client-auth[0;1m >-----------------[m
[[1;34mINFO[m] [1mBuilding s2s-client-auth 1.0.0[m
[[1;34mINFO[m] [1m--------------------------------[ jar ]---------------------------------[m
[[1;34mINFO[m] 
[[1;34mINFO[m] [1m--- [0;32mmaven-clean-plugin:2.5:clean[m [1m(default-clean)[m @ [36ms2s-client-auth[0;1m ---[m
[[1;34mINFO[m] 
[[1;34mINFO[m] [1m--- [0;32mmaven-enforcer-plugin:3.0.0-M1:enforce[m [1m(enforce-maven)[m @ [36ms2s-client-auth[0;1m ---[m
[[1;34mINFO[m] 
[[1;34mINFO[m] [1m--- [0;32mbuild-helper-maven-plugin:1.10:add-source[m [1m(add_sources)[m @ [36ms2s-client-auth[0;1m ---[m
[[1;34mINFO[m] Source directory: /home/jouedje/Alcatel-Lucent/S2Sdeveloppements/gitlab/rainbow-s2s-starterkit-nodejs-v2/tests/java/generated/rainbow_authent_portal/src/main/java added.
[[1;34mINFO[m] 
[[1;34mINFO[m] [1m--- [0;32mmaven-resources-plugin:2.6:resources[m [1m(default-resources)[m @ [36ms2s-client-auth[0;1m ---[m
[[1;34mINFO[m] Using 'UTF-8' encoding to copy filtered resources.
[[1;34mINFO[m] skip non existing resourceDirectory /home/jouedje/Alcatel-Lucent/S2Sdeveloppements/gitlab/rainbow-s2s-starterkit-nodejs-v2/tests/java/generated/rainbow_authent_portal/src/main/resources
[[1;34mINFO[m] 
[[1;34mINFO[m] [1m--- [0;32mmaven-compiler-plugin:3.1:compile[m [1m(default-compile)[m @ [36ms2s-client-auth[0;1m ---[m
[[1;34mINFO[m] Changes detected - recompiling the module!
[[1;34mINFO[m] Compiling 73 source files to /home/jouedje/Alcatel-Lucent/S2Sdeveloppements/gitlab/rainbow-s2s-starterkit-nodejs-v2/tests/java/generated/rainbow_authent_portal/target/classes
[[1;34mINFO[m] 
[[1;34mINFO[m] [1m--- [0;32mbuild-helper-maven-plugin:1.10:add-test-source[m [1m(add_test_sources)[m @ [36ms2s-client-auth[0;1m ---[m
[[1;34mINFO[m] Test Source directory: /home/jouedje/Alcatel-Lucent/S2Sdeveloppements/gitlab/rainbow-s2s-starterkit-nodejs-v2/tests/java/generated/rainbow_authent_portal/src/test/java added.
[[1;34mINFO[m] 
[[1;34mINFO[m] [1m--- [0;32mmaven-resources-plugin:2.6:testResources[m [1m(default-testResources)[m @ [36ms2s-client-auth[0;1m ---[m
[[1;34mINFO[m] Using 'UTF-8' encoding to copy filtered resources.
[[1;34mINFO[m] skip non existing resourceDirectory /home/jouedje/Alcatel-Lucent/S2Sdeveloppements/gitlab/rainbow-s2s-starterkit-nodejs-v2/tests/java/generated/rainbow_authent_portal/src/test/resources
[[1;34mINFO[m] 
[[1;34mINFO[m] [1m--- [0;32mmaven-compiler-plugin:3.1:testCompile[m [1m(default-testCompile)[m @ [36ms2s-client-auth[0;1m ---[m
[[1;34mINFO[m] Changes detected - recompiling the module!
[[1;34mINFO[m] Compiling 58 source files to /home/jouedje/Alcatel-Lucent/S2Sdeveloppements/gitlab/rainbow-s2s-starterkit-nodejs-v2/tests/java/generated/rainbow_authent_portal/target/test-classes
[[1;34mINFO[m] 
[[1;34mINFO[m] [1m--- [0;32mmaven-surefire-plugin:2.12:test[m [1m(default-test)[m @ [36ms2s-client-auth[0;1m ---[m
[[1;34mINFO[m] Surefire report directory: /home/jouedje/Alcatel-Lucent/S2Sdeveloppements/gitlab/rainbow-s2s-starterkit-nodejs-v2/tests/java/generated/rainbow_authent_portal/target/surefire-reports

-------------------------------------------------------
 T E S T S
-------------------------------------------------------

-------------------------------------------------------
 T E S T S
-------------------------------------------------------
Concurrency config is parallel='methods', perCoreThreadCount=true, threadCount=2, useUnlimitedThreads=false
Running com.ale.rainbow.s2s.client.auth.api.AuthenticationApiTest
Tests run: 1, Failures: 0, Errors: 0, Skipped: 1, Time elapsed: 0 sec
Concurrency config is parallel='methods', perCoreThreadCount=true, threadCount=2, useUnlimitedThreads=false
Running com.ale.rainbow.s2s.client.auth.api.CommonApiTest
Tests run: 1, Failures: 0, Errors: 0, Skipped: 1, Time elapsed: 0 sec
Concurrency config is parallel='methods', perCoreThreadCount=true, threadCount=2, useUnlimitedThreads=false
Running com.ale.rainbow.s2s.client.auth.api.OauthTokensApiTest
Tests run: 1, Failures: 0, Errors: 0, Skipped: 1, Time elapsed: 0 sec
Concurrency config is parallel='methods', perCoreThreadCount=true, threadCount=2, useUnlimitedThreads=false
Running com.ale.rainbow.s2s.client.auth.api.SamlAuthenticationApiTest
Tests run: 1, Failures: 0, Errors: 0, Skipped: 1, Time elapsed: 0 sec
Concurrency config is parallel='methods', perCoreThreadCount=true, threadCount=2, useUnlimitedThreads=false
Running com.ale.rainbow.s2s.client.auth.api.OidcClientApiTest
Tests run: 1, Failures: 0, Errors: 0, Skipped: 1, Time elapsed: 0 sec
Concurrency config is parallel='methods', perCoreThreadCount=true, threadCount=2, useUnlimitedThreads=false
Running com.ale.rainbow.s2s.client.auth.api.OauthAuthenticationApiTest
Tests run: 1, Failures: 0, Errors: 0, Skipped: 1, Time elapsed: 0 sec
Concurrency config is parallel='methods', perCoreThreadCount=true, threadCount=2, useUnlimitedThreads=false
Running com.ale.rainbow.s2s.client.auth.api.AuthenticationUrlsApiTest
Tests run: 1, Failures: 0, Errors: 0, Skipped: 1, Time elapsed: 0 sec
Concurrency config is parallel='methods', perCoreThreadCount=true, threadCount=2, useUnlimitedThreads=false
Running com.ale.rainbow.s2s.client.auth.models.OAuthTokenSuccessTest
Tests run: 5, Failures: 0, Errors: 0, Skipped: 0, Time elapsed: 0.002 sec
Concurrency config is parallel='methods', perCoreThreadCount=true, threadCount=2, useUnlimitedThreads=false
Running com.ale.rainbow.s2s.client.auth.models.GetSamlAssertionSuccessTest
Tests run: 2, Failures: 0, Errors: 0, Skipped: 0, Time elapsed: 0.002 sec
Concurrency config is parallel='methods', perCoreThreadCount=true, threadCount=2, useUnlimitedThreads=false
Running com.ale.rainbow.s2s.client.auth.models.GetApiRainbowPingSuccessTest
Tests run: 2, Failures: 0, Errors: 0, Skipped: 0, Time elapsed: 0.001 sec
Concurrency config is parallel='methods', perCoreThreadCount=true, threadCount=2, useUnlimitedThreads=false
Running com.ale.rainbow.s2s.client.auth.models.GetLogoutSuccessTest
Tests run: 2, Failures: 0, Errors: 0, Skipped: 0, Time elapsed: 0.003 sec
Concurrency config is parallel='methods', perCoreThreadCount=true, threadCount=2, useUnlimitedThreads=false
Running com.ale.rainbow.s2s.client.auth.models.GetRenewSuccessProvisioningNeededTest
Tests run: 4, Failures: 0, Errors: 0, Skipped: 0, Time elapsed: 0.003 sec
Concurrency config is parallel='methods', perCoreThreadCount=true, threadCount=2, useUnlimitedThreads=false
Running com.ale.rainbow.s2s.client.auth.models.OAuthAuthorizeSuccessTest
Tests run: 6, Failures: 0, Errors: 0, Skipped: 0, Time elapsed: 0.003 sec
Concurrency config is parallel='methods', perCoreThreadCount=true, threadCount=2, useUnlimitedThreads=false
Running com.ale.rainbow.s2s.client.auth.models.PostSamlAssertionTest
Tests run: 2, Failures: 0, Errors: 0, Skipped: 0, Time elapsed: 0.002 sec
Concurrency config is parallel='methods', perCoreThreadCount=true, threadCount=2, useUnlimitedThreads=false
Running com.ale.rainbow.s2s.client.auth.models.GetBasicLoginSuccessLoggedInApplicationTest
Tests run: 12, Failures: 0, Errors: 0, Skipped: 0, Time elapsed: 0.004 sec
Concurrency config is parallel='methods', perCoreThreadCount=true, threadCount=2, useUnlimitedThreads=false
Running com.ale.rainbow.s2s.client.auth.models.GetLoginUrlSuccessTest
Tests run: 2, Failures: 0, Errors: 0, Skipped: 0, Time elapsed: 0.002 sec
Concurrency config is parallel='methods', perCoreThreadCount=true, threadCount=2, useUnlimitedThreads=false
Running com.ale.rainbow.s2s.client.auth.models.GetBasicLoginSuccessPhoneNumbersTest
Tests run: 11, Failures: 0, Errors: 0, Skipped: 0, Time elapsed: 0.003 sec
Concurrency config is parallel='methods', perCoreThreadCount=true, threadCount=2, useUnlimitedThreads=false
Running com.ale.rainbow.s2s.client.auth.models.GetSamlLogoutSuccessTest
Tests run: 2, Failures: 0, Errors: 0, Skipped: 0, Time elapsed: 0.002 sec
Concurrency config is parallel='methods', perCoreThreadCount=true, threadCount=2, useUnlimitedThreads=false
Running com.ale.rainbow.s2s.client.auth.models.GetApiRainbowAuthenticationV10AboutSuccessTest
Tests run: 3, Failures: 0, Errors: 0, Skipped: 0, Time elapsed: 0.002 sec
Concurrency config is parallel='methods', perCoreThreadCount=true, threadCount=2, useUnlimitedThreads=false
Running com.ale.rainbow.s2s.client.auth.models.GetOAuthTokenByIdSuccessTest
Tests run: 2, Failures: 0, Errors: 0, Skipped: 0, Time elapsed: 0.003 sec
Concurrency config is parallel='methods', perCoreThreadCount=true, threadCount=2, useUnlimitedThreads=false
Running com.ale.rainbow.s2s.client.auth.models.PutApiRainbowLogsLevelsTest
Tests run: 4, Failures: 0, Errors: 0, Skipped: 0, Time elapsed: 0.003 sec
Concurrency config is parallel='methods', perCoreThreadCount=true, threadCount=2, useUnlimitedThreads=false
Running com.ale.rainbow.s2s.client.auth.models.GetRenewSuccessEmailsTest
Tests run: 3, Failures: 0, Errors: 0, Skipped: 0, Time elapsed: 0.003 sec
Concurrency config is parallel='methods', perCoreThreadCount=true, threadCount=2, useUnlimitedThreads=false
Running com.ale.rainbow.s2s.client.auth.models.PostSamlAssertionSuccessLoggedInUserTest
Tests run: 46, Failures: 0, Errors: 0, Skipped: 0, Time elapsed: 0.009 sec
Concurrency config is parallel='methods', perCoreThreadCount=true, threadCount=2, useUnlimitedThreads=false
Running com.ale.rainbow.s2s.client.auth.models.PostSamlAssertionSuccessTest
Tests run: 7, Failures: 0, Errors: 0, Skipped: 0, Time elapsed: 0.001 sec
Concurrency config is parallel='methods', perCoreThreadCount=true, threadCount=2, useUnlimitedThreads=false
Running com.ale.rainbow.s2s.client.auth.models.GetLoginUrlSuccessDataTest
Tests run: 10, Failures: 0, Errors: 0, Skipped: 0, Time elapsed: 0.001 sec
Concurrency config is parallel='methods', perCoreThreadCount=true, threadCount=2, useUnlimitedThreads=false
Running com.ale.rainbow.s2s.client.auth.models.GetJwtSuccessEmailsTest
Tests run: 3, Failures: 0, Errors: 0, Skipped: 0, Time elapsed: 0.003 sec
Concurrency config is parallel='methods', perCoreThreadCount=true, threadCount=2, useUnlimitedThreads=false
Running com.ale.rainbow.s2s.client.auth.models.GetJwtSuccessLoggedInUserTest
Tests run: 46, Failures: 0, Errors: 0, Skipped: 0, Time elapsed: 0.007 sec
Concurrency config is parallel='methods', perCoreThreadCount=true, threadCount=2, useUnlimitedThreads=false
Running com.ale.rainbow.s2s.client.auth.models.GetBasicLoginSuccessProvisioningNeededTest
Tests run: 4, Failures: 0, Errors: 0, Skipped: 0, Time elapsed: 0.001 sec
Concurrency config is parallel='methods', perCoreThreadCount=true, threadCount=2, useUnlimitedThreads=false
Running com.ale.rainbow.s2s.client.auth.models.DeleteOAuthTokenSuccessTest
Tests run: 3, Failures: 0, Errors: 0, Skipped: 0, Time elapsed: 0.002 sec
Concurrency config is parallel='methods', perCoreThreadCount=true, threadCount=2, useUnlimitedThreads=false
Running com.ale.rainbow.s2s.client.auth.models.GetSamlLoginSuccessTest
Tests run: 2, Failures: 0, Errors: 0, Skipped: 0, Time elapsed: 0.002 sec
Concurrency config is parallel='methods', perCoreThreadCount=true, threadCount=2, useUnlimitedThreads=false
Running com.ale.rainbow.s2s.client.auth.models.GetRenewSuccessLoggedInUserProfilesTest
Tests run: 22, Failures: 0, Errors: 0, Skipped: 0, Time elapsed: 0.007 sec
Concurrency config is parallel='methods', perCoreThreadCount=true, threadCount=2, useUnlimitedThreads=false
Running com.ale.rainbow.s2s.client.auth.models.GetJwtSuccessLoggedInUserProfilesTest
Tests run: 22, Failures: 0, Errors: 0, Skipped: 0, Time elapsed: 0.005 sec
Concurrency config is parallel='methods', perCoreThreadCount=true, threadCount=2, useUnlimitedThreads=false
Running com.ale.rainbow.s2s.client.auth.models.GetBasicLoginSuccessLoggedInUserCreatedByAdminTest
Tests run: 3, Failures: 0, Errors: 0, Skipped: 0, Time elapsed: 0.001 sec
Concurrency config is parallel='methods', perCoreThreadCount=true, threadCount=2, useUnlimitedThreads=false
Running com.ale.rainbow.s2s.client.auth.models.DeleteMetricsSuccessTest
Tests run: 2, Failures: 0, Errors: 0, Skipped: 0, Time elapsed: 0.002 sec
Concurrency config is parallel='methods', perCoreThreadCount=true, threadCount=2, useUnlimitedThreads=false
Running com.ale.rainbow.s2s.client.auth.models.GetBasicLoginSuccessTest
Tests run: 7, Failures: 0, Errors: 0, Skipped: 0, Time elapsed: 0.002 sec
Concurrency config is parallel='methods', perCoreThreadCount=true, threadCount=2, useUnlimitedThreads=false
Running com.ale.rainbow.s2s.client.auth.models.GetApiRainbowAuthenticationV10ValidatorSuccessTest
Tests run: 2, Failures: 0, Errors: 0, Skipped: 0, Time elapsed: 0.002 sec
Concurrency config is parallel='methods', perCoreThreadCount=true, threadCount=2, useUnlimitedThreads=false
Running com.ale.rainbow.s2s.client.auth.models.GetJwtSuccessPhoneNumbersTest
Tests run: 11, Failures: 0, Errors: 0, Skipped: 0, Time elapsed: 0.003 sec
Concurrency config is parallel='methods', perCoreThreadCount=true, threadCount=2, useUnlimitedThreads=false
Running com.ale.rainbow.s2s.client.auth.models.GetJwtSuccessTest
Tests run: 7, Failures: 0, Errors: 0, Skipped: 0, Time elapsed: 0.004 sec
Concurrency config is parallel='methods', perCoreThreadCount=true, threadCount=2, useUnlimitedThreads=false
Running com.ale.rainbow.s2s.client.auth.models.GetBasicLoginSuccessLoggedInUserTest
Tests run: 46, Failures: 0, Errors: 0, Skipped: 0, Time elapsed: 0.01 sec
Concurrency config is parallel='methods', perCoreThreadCount=true, threadCount=2, useUnlimitedThreads=false
Running com.ale.rainbow.s2s.client.auth.models.PostSamlAssertionSuccessProvisioningNeededTest
Tests run: 4, Failures: 0, Errors: 0, Skipped: 0, Time elapsed: 0.002 sec
Concurrency config is parallel='methods', perCoreThreadCount=true, threadCount=2, useUnlimitedThreads=false
Running com.ale.rainbow.s2s.client.auth.models.PutApiRainbowLogsLevelsSuccessTest
Tests run: 3, Failures: 0, Errors: 0, Skipped: 0, Time elapsed: 0.002 sec
Concurrency config is parallel='methods', perCoreThreadCount=true, threadCount=2, useUnlimitedThreads=false
Running com.ale.rainbow.s2s.client.auth.models.PostSamlAssertionSuccessPhoneNumbersTest
Tests run: 11, Failures: 0, Errors: 0, Skipped: 0, Time elapsed: 0.005 sec
Concurrency config is parallel='methods', perCoreThreadCount=true, threadCount=2, useUnlimitedThreads=false
Running com.ale.rainbow.s2s.client.auth.models.PostSamlAssertionSuccessEmailsTest
Tests run: 3, Failures: 0, Errors: 0, Skipped: 0, Time elapsed: 0.002 sec
Concurrency config is parallel='methods', perCoreThreadCount=true, threadCount=2, useUnlimitedThreads=false
Running com.ale.rainbow.s2s.client.auth.models.OAuthTokenTest
Tests run: 5, Failures: 0, Errors: 0, Skipped: 0, Time elapsed: 0.003 sec
Concurrency config is parallel='methods', perCoreThreadCount=true, threadCount=2, useUnlimitedThreads=false
Running com.ale.rainbow.s2s.client.auth.models.PutApiRainbowLogsLevelsSuccessNewLoggerLevelsTest
Tests run: 4, Failures: 0, Errors: 0, Skipped: 0, Time elapsed: 0.002 sec
Concurrency config is parallel='methods', perCoreThreadCount=true, threadCount=2, useUnlimitedThreads=false
Running com.ale.rainbow.s2s.client.auth.models.GetJwtSuccessProvisioningNeededTest
Tests run: 4, Failures: 0, Errors: 0, Skipped: 0, Time elapsed: 0.002 sec
Concurrency config is parallel='methods', perCoreThreadCount=true, threadCount=2, useUnlimitedThreads=false
Running com.ale.rainbow.s2s.client.auth.models.GetSamlAssertionConfigurationSuccessTest
Tests run: 2, Failures: 0, Errors: 0, Skipped: 0, Time elapsed: 0.003 sec
Concurrency config is parallel='methods', perCoreThreadCount=true, threadCount=2, useUnlimitedThreads=false
Running com.ale.rainbow.s2s.client.auth.models.GetMetricsSuccessTest
Tests run: 2, Failures: 0, Errors: 0, Skipped: 0, Time elapsed: 0.003 sec
Concurrency config is parallel='methods', perCoreThreadCount=true, threadCount=2, useUnlimitedThreads=false
Running com.ale.rainbow.s2s.client.auth.models.GetRenewSuccessPhoneNumbersTest
Tests run: 11, Failures: 0, Errors: 0, Skipped: 0, Time elapsed: 0.003 sec
Concurrency config is parallel='methods', perCoreThreadCount=true, threadCount=2, useUnlimitedThreads=false
Running com.ale.rainbow.s2s.client.auth.models.PutApiRainbowLogsLevelsSuccessOldLoggerLevelsTest
Tests run: 4, Failures: 0, Errors: 0, Skipped: 0, Time elapsed: 0.003 sec
Concurrency config is parallel='methods', perCoreThreadCount=true, threadCount=2, useUnlimitedThreads=false
Running com.ale.rainbow.s2s.client.auth.models.GetBasicLoginSuccessEmailsTest
Tests run: 3, Failures: 0, Errors: 0, Skipped: 0, Time elapsed: 0.002 sec
Concurrency config is parallel='methods', perCoreThreadCount=true, threadCount=2, useUnlimitedThreads=false
Running com.ale.rainbow.s2s.client.auth.models.DeleteOAuthTokenSuccessDataTest
Tests run: 11, Failures: 0, Errors: 0, Skipped: 0, Time elapsed: 0.002 sec
Concurrency config is parallel='methods', perCoreThreadCount=true, threadCount=2, useUnlimitedThreads=false
Running com.ale.rainbow.s2s.client.auth.models.GetRenewSuccessTest
Tests run: 7, Failures: 0, Errors: 0, Skipped: 0, Time elapsed: 0.003 sec
Concurrency config is parallel='methods', perCoreThreadCount=true, threadCount=2, useUnlimitedThreads=false
Running com.ale.rainbow.s2s.client.auth.models.GetOAuthTokenSuccessTest
Tests run: 2, Failures: 0, Errors: 0, Skipped: 0, Time elapsed: 0.003 sec
Concurrency config is parallel='methods', perCoreThreadCount=true, threadCount=2, useUnlimitedThreads=false
Running com.ale.rainbow.s2s.client.auth.models.PostSamlAssertionSuccessLoggedInUserProfilesTest
Tests run: 22, Failures: 0, Errors: 0, Skipped: 0, Time elapsed: 0.007 sec
Concurrency config is parallel='methods', perCoreThreadCount=true, threadCount=2, useUnlimitedThreads=false
Running com.ale.rainbow.s2s.client.auth.models.GetBasicLoginSuccessLoggedInUserProfilesTest
Tests run: 22, Failures: 0, Errors: 0, Skipped: 0, Time elapsed: 0.004 sec
Concurrency config is parallel='methods', perCoreThreadCount=true, threadCount=2, useUnlimitedThreads=false
Running com.ale.rainbow.s2s.client.auth.models.GetOidcLoginSuccessTest
Tests run: 2, Failures: 0, Errors: 0, Skipped: 0, Time elapsed: 0.002 sec
Concurrency config is parallel='methods', perCoreThreadCount=true, threadCount=2, useUnlimitedThreads=false
Running com.ale.rainbow.s2s.client.auth.models.GetRenewSuccessLoggedInUserTest
Tests run: 46, Failures: 0, Errors: 0, Skipped: 0, Time elapsed: 0.006 sec

Results :

Tests run: 480, Failures: 0, Errors: 0, Skipped: 7

[[1;34mINFO[m] 
[[1;34mINFO[m] [1m--- [0;32mmaven-jar-plugin:2.2:jar[m [1m(default-jar)[m @ [36ms2s-client-auth[0;1m ---[m
[[1;34mINFO[m] Building jar: /home/jouedje/Alcatel-Lucent/S2Sdeveloppements/gitlab/rainbow-s2s-starterkit-nodejs-v2/tests/java/generated/rainbow_authent_portal/target/s2s-client-auth-1.0.0.jar
[[1;34mINFO[m] 
[[1;34mINFO[m] [1m--- [0;32mmaven-dependency-plugin:2.8:copy-dependencies[m [1m(default)[m @ [36ms2s-client-auth[0;1m ---[m
[[1;34mINFO[m] Copying jsr305-3.0.2.jar to /home/jouedje/Alcatel-Lucent/S2Sdeveloppements/gitlab/rainbow-s2s-starterkit-nodejs-v2/tests/java/generated/rainbow_authent_portal/target/lib/jsr305-3.0.2.jar
[[1;34mINFO[m] Copying gson-fire-1.8.3.jar to /home/jouedje/Alcatel-Lucent/S2Sdeveloppements/gitlab/rainbow-s2s-starterkit-nodejs-v2/tests/java/generated/rainbow_authent_portal/target/lib/gson-fire-1.8.3.jar
[[1;34mINFO[m] Copying okio-1.17.2.jar to /home/jouedje/Alcatel-Lucent/S2Sdeveloppements/gitlab/rainbow-s2s-starterkit-nodejs-v2/tests/java/generated/rainbow_authent_portal/target/lib/okio-1.17.2.jar
[[1;34mINFO[m] Copying logging-interceptor-3.14.2.jar to /home/jouedje/Alcatel-Lucent/S2Sdeveloppements/gitlab/rainbow-s2s-starterkit-nodejs-v2/tests/java/generated/rainbow_authent_portal/target/lib/logging-interceptor-3.14.2.jar
[[1;34mINFO[m] Copying jsr250-api-1.0.jar to /home/jouedje/Alcatel-Lucent/S2Sdeveloppements/gitlab/rainbow-s2s-starterkit-nodejs-v2/tests/java/generated/rainbow_authent_portal/target/lib/jsr250-api-1.0.jar
[[1;34mINFO[m] Copying commons-lang3-3.9.jar to /home/jouedje/Alcatel-Lucent/S2Sdeveloppements/gitlab/rainbow-s2s-starterkit-nodejs-v2/tests/java/generated/rainbow_authent_portal/target/lib/commons-lang3-3.9.jar
[[1;34mINFO[m] Copying hamcrest-core-1.3.jar to /home/jouedje/Alcatel-Lucent/S2Sdeveloppements/gitlab/rainbow-s2s-starterkit-nodejs-v2/tests/java/generated/rainbow_authent_portal/target/lib/hamcrest-core-1.3.jar
[[1;34mINFO[m] Copying gson-2.8.5.jar to /home/jouedje/Alcatel-Lucent/S2Sdeveloppements/gitlab/rainbow-s2s-starterkit-nodejs-v2/tests/java/generated/rainbow_authent_portal/target/lib/gson-2.8.5.jar
[[1;34mINFO[m] Copying threetenbp-1.3.8.jar to /home/jouedje/Alcatel-Lucent/S2Sdeveloppements/gitlab/rainbow-s2s-starterkit-nodejs-v2/tests/java/generated/rainbow_authent_portal/target/lib/threetenbp-1.3.8.jar
[[1;34mINFO[m] Copying okhttp-3.14.2.jar to /home/jouedje/Alcatel-Lucent/S2Sdeveloppements/gitlab/rainbow-s2s-starterkit-nodejs-v2/tests/java/generated/rainbow_authent_portal/target/lib/okhttp-3.14.2.jar
[[1;34mINFO[m] Copying junit-4.12.jar to /home/jouedje/Alcatel-Lucent/S2Sdeveloppements/gitlab/rainbow-s2s-starterkit-nodejs-v2/tests/java/generated/rainbow_authent_portal/target/lib/junit-4.12.jar
[[1;34mINFO[m] Copying swagger-annotations-1.5.22.jar to /home/jouedje/Alcatel-Lucent/S2Sdeveloppements/gitlab/rainbow-s2s-starterkit-nodejs-v2/tests/java/generated/rainbow_authent_portal/target/lib/swagger-annotations-1.5.22.jar
[[1;34mINFO[m] 
[[1;34mINFO[m] [1m--- [0;32mmaven-jar-plugin:2.2:jar[m [1m(default)[m @ [36ms2s-client-auth[0;1m ---[m
[[1;34mINFO[m] 
[[1;34mINFO[m] [1m--- [0;32mmaven-jar-plugin:2.2:test-jar[m [1m(default)[m @ [36ms2s-client-auth[0;1m ---[m
[[1;34mINFO[m] Building jar: /home/jouedje/Alcatel-Lucent/S2Sdeveloppements/gitlab/rainbow-s2s-starterkit-nodejs-v2/tests/java/generated/rainbow_authent_portal/target/s2s-client-auth-1.0.0-tests.jar
[[1;34mINFO[m] 
[[1;34mINFO[m] [1m--- [0;32mmaven-javadoc-plugin:2.10.4:jar[m [1m(attach-javadocs)[m @ [36ms2s-client-auth[0;1m ---[m
[[1;34mINFO[m] [1m------------------------------------------------------------------------[m
[[1;34mINFO[m] [1;31mBUILD FAILURE[m
[[1;34mINFO[m] [1m------------------------------------------------------------------------[m
[[1;34mINFO[m] Total time:  28.553 s
[[1;34mINFO[m] Finished at: 2020-01-22T10:19:16+01:00
[[1;34mINFO[m] [1m------------------------------------------------------------------------[m
[[1;31mERROR[m] Failed to execute goal [32morg.apache.maven.plugins:maven-javadoc-plugin:2.10.4:jar[m [1m(attach-javadocs)[m on project [36ms2s-client-auth[m: [1;31mMavenReportException: Error while generating Javadoc: Unable to find javadoc command: The environment variable JAVA_HOME is not correctly set.[m -> [1m[Help 1][m
[[1;31mERROR[m] 
[[1;31mERROR[m] To see the full stack trace of the errors, re-run Maven with the [1m-e[m switch.
[[1;31mERROR[m] Re-run Maven using the [1m-X[m switch to enable full debug logging.
[[1;31mERROR[m] 
[[1;31mERROR[m] For more information about the errors and possible solutions, please read the following articles:
[[1;31mERROR[m] [1m[Help 1][m http://cwiki.apache.org/confluence/display/MAVEN/MojoExecutionException
